1640341778094	geckodriver	INFO	Listening on 127.0.0.1:45287
1640341790193	mozrunner::runner	INFO	Running command: "/usr/bin/firefox" "--marionette" "--remote-debugging-port" "52975" "-no-remote" "-profile" "/tmp/rust_mozprofile8BErNZ"
ATTENTION: default value of option mesa_glthread overridden by environment.
ATTENTION: default value of option mesa_glthread overridden by environment.
ATTENTION: default value of option mesa_glthread overridden by environment.
ATTENTION: default value of option mesa_glthread overridden by environment.
1640341791420	Marionette	INFO	Marionette enabled
console.warn: SearchSettings: "get: No settings file exists, new profile?" (new NotFoundError("Could not open the file at /tmp/rust_mozprofile8BErNZ/search.json.mozlz4", (void 0)))
DevTools listening on ws://localhost:52975/devtools/browser/a894b339-2fa2-4cbb-b3e3-91b2438c17fe
1640341793785	Marionette	INFO	Listening on port 40933
1640341793829	RemoteAgent	WARN	TLS certificate errors will be ignored for this session
1640341889531	Marionette	INFO	Stopped listening on port 40933
console.warn: TopSitesFeed: Failed to fetch data from Contile server: NetworkError when attempting to fetch resource.
1640342188185	geckodriver	INFO	Listening on 127.0.0.1:46089
1640342188693	mozrunner::runner	INFO	Running command: "/usr/bin/firefox" "--marionette" "--remote-debugging-port" "51411" "-no-remote" "-profile" "/tmp/rust_mozprofilei9rc05"
ATTENTION: default value of option mesa_glthread overridden by environment.
ATTENTION: default value of option mesa_glthread overridden by environment.
ATTENTION: default value of option mesa_glthread overridden by environment.
ATTENTION: default value of option mesa_glthread overridden by environment.
1640342189996	Marionette	INFO	Marionette enabled
console.warn: SearchSettings: "get: No settings file exists, new profile?" (new NotFoundError("Could not open the file at /tmp/rust_mozprofilei9rc05/search.json.mozlz4", (void 0)))
DevTools listening on ws://localhost:51411/devtools/browser/1e65ff37-7e59-4e42-aaa2-696fd9527238
1640342192133	Marionette	INFO	Listening on port 36661
1640342192238	RemoteAgent	WARN	TLS certificate errors will be ignored for this session
1640342208348	Marionette	INFO	Stopped listening on port 36661
console.warn: TopSitesFeed: Failed to fetch data from Contile server: NetworkError when attempting to fetch resource.
1640342269899	geckodriver	INFO	Listening on 127.0.0.1:43467
1640342270411	mozrunner::runner	INFO	Running command: "/usr/bin/firefox" "--marionette" "--remote-debugging-port" "39479" "-no-remote" "-profile" "/tmp/rust_mozprofileB7oeaY"
ATTENTION: default value of option mesa_glthread overridden by environment.
ATTENTION: default value of option mesa_glthread overridden by environment.
ATTENTION: default value of option mesa_glthread overridden by environment.
ATTENTION: default value of option mesa_glthread overridden by environment.
1640342271625	Marionette	INFO	Marionette enabled
console.warn: SearchSettings: "get: No settings file exists, new profile?" (new NotFoundError("Could not open the file at /tmp/rust_mozprofileB7oeaY/search.json.mozlz4", (void 0)))
DevTools listening on ws://localhost:39479/devtools/browser/0ff135fa-7671-4f52-a529-f63c325b9876
1640342273828	Marionette	INFO	Listening on port 43965
1640342273945	RemoteAgent	WARN	TLS certificate errors will be ignored for this session
1640342324840	Marionette	INFO	Stopped listening on port 43965
console.warn: TopSitesFeed: Failed to fetch data from Contile server: NetworkError when attempting to fetch resource.

###!!! [Parent][RunMessage] Error: Channel closing: too late to send/recv, messages will be lost

1640342352633	geckodriver	INFO	Listening on 127.0.0.1:40755
1640342353144	mozrunner::runner	INFO	Running command: "/usr/bin/firefox" "--marionette" "--remote-debugging-port" "46081" "-no-remote" "-profile" "/tmp/rust_mozprofilel6tN7E"
ATTENTION: default value of option mesa_glthread overridden by environment.
ATTENTION: default value of option mesa_glthread overridden by environment.
ATTENTION: default value of option mesa_glthread overridden by environment.
ATTENTION: default value of option mesa_glthread overridden by environment.
1640342354361	Marionette	INFO	Marionette enabled
console.warn: SearchSettings: "get: No settings file exists, new profile?" (new NotFoundError("Could not open the file at /tmp/rust_mozprofilel6tN7E/search.json.mozlz4", (void 0)))
DevTools listening on ws://localhost:46081/devtools/browser/02241657-a478-45ac-b596-8bd37425e207
1640342356353	Marionette	INFO	Listening on port 39727
1640342356477	RemoteAgent	WARN	TLS certificate errors will be ignored for this session
1640342372017	Marionette	INFO	Stopped listening on port 39727

###!!! [Child][RunMessage] Error: Channel closing: too late to send/recv, messages will be lost

console.warn: TopSitesFeed: Failed to fetch data from Contile server: NetworkError when attempting to fetch resource.

###!!! [Parent][RunMessage] Error: Channel closing: too late to send/recv, messages will be lost

1640342386431	geckodriver	INFO	Listening on 127.0.0.1:58121
1640342386943	mozrunner::runner	INFO	Running command: "/usr/bin/firefox" "--marionette" "--remote-debugging-port" "42115" "-no-remote" "-profile" "/tmp/rust_mozprofilesUx6UE"
ATTENTION: default value of option mesa_glthread overridden by environment.
ATTENTION: default value of option mesa_glthread overridden by environment.
ATTENTION: default value of option mesa_glthread overridden by environment.
ATTENTION: default value of option mesa_glthread overridden by environment.
1640342388198	Marionette	INFO	Marionette enabled
console.warn: SearchSettings: "get: No settings file exists, new profile?" (new NotFoundError("Could not open the file at /tmp/rust_mozprofilesUx6UE/search.json.mozlz4", (void 0)))
DevTools listening on ws://localhost:42115/devtools/browser/5152d767-5c8e-4670-abee-cd4a2ab3a851
1640342390114	Marionette	INFO	Listening on port 39835
1640342390171	RemoteAgent	WARN	TLS certificate errors will be ignored for this session
1640342402730	Marionette	INFO	Stopped listening on port 39835
console.warn: TopSitesFeed: Failed to fetch data from Contile server: NetworkError when attempting to fetch resource.
1640342448194	geckodriver	INFO	Listening on 127.0.0.1:35439
1640342448702	mozrunner::runner	INFO	Running command: "/usr/bin/firefox" "--marionette" "--remote-debugging-port" "37741" "-no-remote" "-profile" "/tmp/rust_mozprofileRisFpq"
ATTENTION: default value of option mesa_glthread overridden by environment.
ATTENTION: default value of option mesa_glthread overridden by environment.
ATTENTION: default value of option mesa_glthread overridden by environment.
ATTENTION: default value of option mesa_glthread overridden by environment.
1640342450001	Marionette	INFO	Marionette enabled
console.warn: SearchSettings: "get: No settings file exists, new profile?" (new NotFoundError("Could not open the file at /tmp/rust_mozprofileRisFpq/search.json.mozlz4", (void 0)))
DevTools listening on ws://localhost:37741/devtools/browser/d81e5752-aedd-4731-a48d-ebd07b89cdd6
1640342451902	Marionette	INFO	Listening on port 42951
1640342451943	RemoteAgent	WARN	TLS certificate errors will be ignored for this session
1640342474767	Marionette	INFO	Stopped listening on port 42951
console.warn: TopSitesFeed: Failed to fetch data from Contile server: NetworkError when attempting to fetch resource.

###!!! [Parent][RunMessage] Error: Channel closing: too late to send/recv, messages will be lost

1640342483585	geckodriver	INFO	Listening on 127.0.0.1:52353
1640342484098	mozrunner::runner	INFO	Running command: "/usr/bin/firefox" "--marionette" "--remote-debugging-port" "49497" "-no-remote" "-profile" "/tmp/rust_mozprofilejhhqdJ"
ATTENTION: default value of option mesa_glthread overridden by environment.
ATTENTION: default value of option mesa_glthread overridden by environment.
ATTENTION: default value of option mesa_glthread overridden by environment.
ATTENTION: default value of option mesa_glthread overridden by environment.
1640342485355	Marionette	INFO	Marionette enabled
console.warn: SearchSettings: "get: No settings file exists, new profile?" (new NotFoundError("Could not open the file at /tmp/rust_mozprofilejhhqdJ/search.json.mozlz4", (void 0)))
DevTools listening on ws://localhost:49497/devtools/browser/dbbea2d9-1f3c-49cd-9d2c-5aaef1eb71fc
1640342487366	Marionette	INFO	Listening on port 32865
1640342487442	RemoteAgent	WARN	TLS certificate errors will be ignored for this session
1640342517902	Marionette	INFO	Stopped listening on port 32865
console.warn: TopSitesFeed: Failed to fetch data from Contile server: NetworkError when attempting to fetch resource.
1640342653806	geckodriver	INFO	Listening on 127.0.0.1:34035
1640342654316	mozrunner::runner	INFO	Running command: "/usr/bin/firefox" "--marionette" "--remote-debugging-port" "47195" "-no-remote" "-profile" "/tmp/rust_mozprofile6RyqCa"
ATTENTION: default value of option mesa_glthread overridden by environment.
ATTENTION: default value of option mesa_glthread overridden by environment.
ATTENTION: default value of option mesa_glthread overridden by environment.
ATTENTION: default value of option mesa_glthread overridden by environment.
1640342655603	Marionette	INFO	Marionette enabled
console.warn: SearchSettings: "get: No settings file exists, new profile?" (new NotFoundError("Could not open the file at /tmp/rust_mozprofile6RyqCa/search.json.mozlz4", (void 0)))
DevTools listening on ws://localhost:47195/devtools/browser/5332a9f9-d1ad-4011-ae1b-083811ac66f4
1640342657796	Marionette	INFO	Listening on port 35309
1640342657848	RemoteAgent	WARN	TLS certificate errors will be ignored for this session
1640342705574	Marionette	INFO	Stopped listening on port 35309
console.warn: TopSitesFeed: Failed to fetch data from Contile server: NetworkError when attempting to fetch resource.
JavaScript error: chrome://remote/content/marionette/cert.js, line 55: NS_ERROR_NOT_AVAILABLE: Component returned failure code: 0x80040111 (NS_ERROR_NOT_AVAILABLE) [nsICertOverrideService.setDisableAllSecurityChecksAndLetAttackersInterceptMyData]
1640342710709	geckodriver::marionette	ERROR	Failed to close browser connection: Transport endpoint is not connected (os error 107)
1640342830142	geckodriver	INFO	Listening on 127.0.0.1:35223
1640342830650	mozrunner::runner	INFO	Running command: "/usr/bin/firefox" "--marionette" "--remote-debugging-port" "56327" "-no-remote" "-profile" "/tmp/rust_mozprofile4Yyxuh"
ATTENTION: default value of option mesa_glthread overridden by environment.
ATTENTION: default value of option mesa_glthread overridden by environment.
ATTENTION: default value of option mesa_glthread overridden by environment.
ATTENTION: default value of option mesa_glthread overridden by environment.
1640342831890	Marionette	INFO	Marionette enabled
console.warn: SearchSettings: "get: No settings file exists, new profile?" (new NotFoundError("Could not open the file at /tmp/rust_mozprofile4Yyxuh/search.json.mozlz4", (void 0)))
DevTools listening on ws://localhost:56327/devtools/browser/0786bc78-f004-4d9d-92f7-c35870e12fe8
1640342833992	Marionette	INFO	Listening on port 44173
1640342834086	RemoteAgent	WARN	TLS certificate errors will be ignored for this session
1640342868520	Marionette	INFO	Stopped listening on port 44173
console.warn: TopSitesFeed: Failed to fetch data from Contile server: NetworkError when attempting to fetch resource.
JavaScript error: chrome://remote/content/marionette/cert.js, line 55: NS_ERROR_NOT_AVAILABLE: Component returned failure code: 0x80040111 (NS_ERROR_NOT_AVAILABLE) [nsICertOverrideService.setDisableAllSecurityChecksAndLetAttackersInterceptMyData]

###!!! [Parent][RunMessage] Error: Channel closing: too late to send/recv, messages will be lost

1640342872420	geckodriver::marionette	ERROR	Failed to close browser connection: Transport endpoint is not connected (os error 107)
1640342925607	geckodriver	INFO	Listening on 127.0.0.1:47201
1640342926116	mozrunner::runner	INFO	Running command: "/usr/bin/firefox" "--marionette" "--remote-debugging-port" "48799" "-no-remote" "-profile" "/tmp/rust_mozprofiledVgkd9"
ATTENTION: default value of option mesa_glthread overridden by environment.
ATTENTION: default value of option mesa_glthread overridden by environment.
ATTENTION: default value of option mesa_glthread overridden by environment.
ATTENTION: default value of option mesa_glthread overridden by environment.
1640342927314	Marionette	INFO	Marionette enabled
console.warn: SearchSettings: "get: No settings file exists, new profile?" (new NotFoundError("Could not open the file at /tmp/rust_mozprofiledVgkd9/search.json.mozlz4", (void 0)))
DevTools listening on ws://localhost:48799/devtools/browser/e68db8f0-4c6a-4395-967c-6d4413f7be53
1640342929280	Marionette	INFO	Listening on port 36303
1640342929381	RemoteAgent	WARN	TLS certificate errors will be ignored for this session
1640342967297	Marionette	INFO	Stopped listening on port 36303
console.warn: TopSitesFeed: Failed to fetch data from Contile server: NetworkError when attempting to fetch resource.
JavaScript error: chrome://remote/content/marionette/cert.js, line 55: NS_ERROR_NOT_AVAILABLE: Component returned failure code: 0x80040111 (NS_ERROR_NOT_AVAILABLE) [nsICertOverrideService.setDisableAllSecurityChecksAndLetAttackersInterceptMyData]

###!!! [Parent][RunMessage] Error: Channel closing: too late to send/recv, messages will be lost

1640342972244	geckodriver::marionette	ERROR	Failed to close browser connection: Transport endpoint is not connected (os error 107)
1640343652843	geckodriver	INFO	Listening on 127.0.0.1:50931
1640343653351	mozrunner::runner	INFO	Running command: "/usr/bin/firefox" "--marionette" "--remote-debugging-port" "39393" "-no-remote" "-profile" "/tmp/rust_mozprofilelAqd20"
ATTENTION: default value of option mesa_glthread overridden by environment.
ATTENTION: default value of option mesa_glthread overridden by environment.
ATTENTION: default value of option mesa_glthread overridden by environment.
ATTENTION: default value of option mesa_glthread overridden by environment.
1640343654597	Marionette	INFO	Marionette enabled
console.warn: SearchSettings: "get: No settings file exists, new profile?" (new NotFoundError("Could not open the file at /tmp/rust_mozprofilelAqd20/search.json.mozlz4", (void 0)))
DevTools listening on ws://localhost:39393/devtools/browser/3c9b5c3e-f99f-40f0-b1c3-e772b4f16d6f
1640343656712	Marionette	INFO	Listening on port 34291
1640343656783	RemoteAgent	WARN	TLS certificate errors will be ignored for this session
1640343672991	Marionette	INFO	Stopped listening on port 34291
console.warn: TopSitesFeed: Failed to fetch data from Contile server: NetworkError when attempting to fetch resource.

###!!! [Parent][RunMessage] Error: Channel closing: too late to send/recv, messages will be lost

1640343745281	geckodriver	INFO	Listening on 127.0.0.1:53989
1640343745286	mozrunner::runner	INFO	Running command: "/usr/bin/firefox" "--marionette" "--remote-debugging-port" "49525" "-no-remote" "-profile" "/tmp/rust_mozprofileoVAARG"
ATTENTION: default value of option mesa_glthread overridden by environment.
ATTENTION: default value of option mesa_glthread overridden by environment.
ATTENTION: default value of option mesa_glthread overridden by environment.
ATTENTION: default value of option mesa_glthread overridden by environment.
1640343746637	Marionette	INFO	Marionette enabled
console.warn: SearchSettings: "get: No settings file exists, new profile?" (new NotFoundError("Could not open the file at /tmp/rust_mozprofileoVAARG/search.json.mozlz4", (void 0)))
DevTools listening on ws://localhost:49525/devtools/browser/a1d484a4-76a4-4dda-b4f4-d694ffa6ec3a
1640343748735	Marionette	INFO	Listening on port 33695
1640343748811	RemoteAgent	WARN	TLS certificate errors will be ignored for this session
Exiting due to channel error.
Exiting due to channel error.
Exiting due to channel error.
1640349781713	geckodriver	INFO	Listening on 127.0.0.1:39961
1640349782223	mozrunner::runner	INFO	Running command: "/usr/bin/firefox" "--marionette" "--remote-debugging-port" "50601" "-no-remote" "-profile" "/tmp/rust_mozprofilePvNeJb"
ATTENTION: default value of option mesa_glthread overridden by environment.
ATTENTION: default value of option mesa_glthread overridden by environment.
ATTENTION: default value of option mesa_glthread overridden by environment.
ATTENTION: default value of option mesa_glthread overridden by environment.
1640349783496	Marionette	INFO	Marionette enabled
console.warn: SearchSettings: "get: No settings file exists, new profile?" (new NotFoundError("Could not open the file at /tmp/rust_mozprofilePvNeJb/search.json.mozlz4", (void 0)))
DevTools listening on ws://localhost:50601/devtools/browser/370972e5-e982-47dd-9946-87fe301ee880
1640349785568	Marionette	INFO	Listening on port 36129
1640349785657	RemoteAgent	WARN	TLS certificate errors will be ignored for this session
Exiting due to channel error.
Exiting due to channel error.
Exiting due to channel error.
1640352374511	geckodriver	INFO	Listening on 127.0.0.1:54121
1640352375021	mozrunner::runner	INFO	Running command: "/usr/bin/firefox" "--marionette" "--remote-debugging-port" "42595" "-no-remote" "-profile" "/tmp/rust_mozprofileElPaAz"
ATTENTION: default value of option mesa_glthread overridden by environment.
ATTENTION: default value of option mesa_glthread overridden by environment.
ATTENTION: default value of option mesa_glthread overridden by environment.
ATTENTION: default value of option mesa_glthread overridden by environment.
1640352376238	Marionette	INFO	Marionette enabled
console.warn: SearchSettings: "get: No settings file exists, new profile?" (new NotFoundError("Could not open the file at /tmp/rust_mozprofileElPaAz/search.json.mozlz4", (void 0)))
DevTools listening on ws://localhost:42595/devtools/browser/f0b52199-d0c1-470c-8827-53f789e5f224
1640352378411	Marionette	INFO	Listening on port 43721
1640352378467	RemoteAgent	WARN	TLS certificate errors will be ignored for this session
Exiting due to channel error.
Exiting due to channel error.
Exiting due to channel error.
1640353596770	geckodriver	INFO	Listening on 127.0.0.1:37705
1640353597281	mozrunner::runner	INFO	Running command: "/usr/bin/firefox" "--marionette" "--remote-debugging-port" "39989" "-no-remote" "-profile" "/tmp/rust_mozprofilei7g0dz"
ATTENTION: default value of option mesa_glthread overridden by environment.
ATTENTION: default value of option mesa_glthread overridden by environment.
ATTENTION: default value of option mesa_glthread overridden by environment.
ATTENTION: default value of option mesa_glthread overridden by environment.
1640353598527	Marionette	INFO	Marionette enabled
console.warn: SearchSettings: "get: No settings file exists, new profile?" (new NotFoundError("Could not open the file at /tmp/rust_mozprofilei7g0dz/search.json.mozlz4", (void 0)))
DevTools listening on ws://localhost:39989/devtools/browser/4f46025d-4f83-4f91-b7ba-4915ee57ab7f
1640353600465	Marionette	INFO	Listening on port 45507
1640353600511	RemoteAgent	WARN	TLS certificate errors will be ignored for this session
console.log: WebExtensions: reset-default-search: starting.
console.log: WebExtensions: reset-default-search: No addons in our list are installed.
Exiting due to channel error.
Exiting due to channel error.
Exiting due to channel error.
1640354415446	geckodriver	INFO	Listening on 127.0.0.1:35943
1640354415956	mozrunner::runner	INFO	Running command: "/usr/bin/firefox" "--marionette" "--remote-debugging-port" "56741" "-no-remote" "-profile" "/tmp/rust_mozprofilenLdBNq"
ATTENTION: default value of option mesa_glthread overridden by environment.
ATTENTION: default value of option mesa_glthread overridden by environment.
ATTENTION: default value of option mesa_glthread overridden by environment.
ATTENTION: default value of option mesa_glthread overridden by environment.
1640354417161	Marionette	INFO	Marionette enabled
console.warn: SearchSettings: "get: No settings file exists, new profile?" (new NotFoundError("Could not open the file at /tmp/rust_mozprofilenLdBNq/search.json.mozlz4", (void 0)))
DevTools listening on ws://localhost:56741/devtools/browser/0afc78a3-8138-4a9a-a1a8-a56c03c24a14
1640354419083	Marionette	INFO	Listening on port 42277
1640354419189	RemoteAgent	WARN	TLS certificate errors will be ignored for this session
1640354464223	Marionette	INFO	Stopped listening on port 42277
console.warn: TopSitesFeed: Failed to fetch data from Contile server: NetworkError when attempting to fetch resource.

###!!! [Parent][RunMessage] Error: Channel closing: too late to send/recv, messages will be lost

1640354481625	geckodriver	INFO	Listening on 127.0.0.1:50745
1640354482135	mozrunner::runner	INFO	Running command: "/usr/bin/firefox" "--marionette" "--remote-debugging-port" "34665" "-no-remote" "-profile" "/tmp/rust_mozprofileuDwmWk"
ATTENTION: default value of option mesa_glthread overridden by environment.
ATTENTION: default value of option mesa_glthread overridden by environment.
ATTENTION: default value of option mesa_glthread overridden by environment.
ATTENTION: default value of option mesa_glthread overridden by environment.
1640354483309	Marionette	INFO	Marionette enabled
console.warn: SearchSettings: "get: No settings file exists, new profile?" (new NotFoundError("Could not open the file at /tmp/rust_mozprofileuDwmWk/search.json.mozlz4", (void 0)))
DevTools listening on ws://localhost:34665/devtools/browser/bfb080d0-1fb7-4c46-b7af-a4eaf050c66b
1640354485241	Marionette	INFO	Listening on port 41211
1640354485290	RemoteAgent	WARN	TLS certificate errors will be ignored for this session
console.log: WebExtensions: reset-default-search: starting.
console.log: WebExtensions: reset-default-search: No addons in our list are installed.
Exiting due to channel error.
Exiting due to channel error.
Exiting due to channel error.
1640529594685	geckodriver	INFO	Listening on 127.0.0.1:55059
1640529595189	mozrunner::runner	INFO	Running command: "/usr/bin/firefox" "--marionette" "--remote-debugging-port" "57443" "-no-remote" "-profile" "/tmp/rust_mozprofilexaJt8Y"
1640529596605	Marionette	INFO	Marionette enabled
console.warn: SearchSettings: "get: No settings file exists, new profile?" (new NotFoundError("Could not open the file at /tmp/rust_mozprofilexaJt8Y/search.json.mozlz4", (void 0)))
DevTools listening on ws://localhost:57443/devtools/browser/a72c6b25-498e-49ae-8668-ce6dfccb5a18
1640529600652	Marionette	INFO	Listening on port 46789
1640529600720	RemoteAgent	WARN	TLS certificate errors will be ignored for this session
console.log: WebExtensions: reset-default-search: starting.
console.log: WebExtensions: reset-default-search: No addons in our list are installed.
JavaScript error: resource://devtools/client/netmonitor/src/connector/firefox-data-provider.js, line 600: Error: Error while calling method getEventTimings: 'getEventTimings' active request packet to 'server0.conn0.netEvent116903' can't be sent as the connection just closed.
Exiting due to channel error.
Exiting due to channel error.
Exiting due to channel error.
1640532534965	geckodriver	INFO	Listening on 127.0.0.1:33879
1640532535459	mozrunner::runner	INFO	Running command: "/usr/bin/firefox" "--marionette" "--remote-debugging-port" "44779" "-no-remote" "-profile" "/tmp/rust_mozprofile3sxFJC"
1640532536854	Marionette	INFO	Marionette enabled
console.warn: SearchSettings: "get: No settings file exists, new profile?" (new NotFoundError("Could not open the file at /tmp/rust_mozprofile3sxFJC/search.json.mozlz4", (void 0)))
DevTools listening on ws://localhost:44779/devtools/browser/1969c5f9-1b61-4cde-a269-6143d3ce4183
1640532538293	Marionette	INFO	Listening on port 40383
1640532538389	RemoteAgent	WARN	TLS certificate errors will be ignored for this session
Exiting due to channel error.
Exiting due to channel error.
Exiting due to channel error.
1640534056484	geckodriver	INFO	Listening on 127.0.0.1:42453
1640534056979	mozrunner::runner	INFO	Running command: "/usr/bin/firefox" "--marionette" "--remote-debugging-port" "50805" "-no-remote" "-profile" "/tmp/rust_mozprofiletPxNd3"
1640534057918	Marionette	INFO	Marionette enabled
console.warn: SearchSettings: "get: No settings file exists, new profile?" (new NotFoundError("Could not open the file at /tmp/rust_mozprofiletPxNd3/search.json.mozlz4", (void 0)))
DevTools listening on ws://localhost:50805/devtools/browser/a5edf2a1-273e-4339-84a3-e4fd1d5fe373
1640534059509	Marionette	INFO	Listening on port 45513
1640534059599	RemoteAgent	WARN	TLS certificate errors will be ignored for this session
console.log: WebExtensions: reset-default-search: starting.
console.log: WebExtensions: reset-default-search: No addons in our list are installed.
Exiting due to channel error.
Exiting due to channel error.
Exiting due to channel error.
1640772621981	geckodriver	INFO	Listening on 127.0.0.1:52091
1640772622466	mozrunner::runner	INFO	Running command: "/usr/bin/firefox" "--marionette" "--remote-debugging-port" "56055" "-no-remote" "-profile" "/tmp/rust_mozprofileJopPue"
1640772624120	Marionette	INFO	Marionette enabled
console.warn: SearchSettings: "get: No settings file exists, new profile?" (new NotFoundError("Could not open the file at /tmp/rust_mozprofileJopPue/search.json.mozlz4", (void 0)))
DevTools listening on ws://localhost:56055/devtools/browser/22a2cced-2570-4a27-8a30-a49225de3cb2
1640772626192	Marionette	INFO	Listening on port 39917
1640772626338	RemoteAgent	WARN	TLS certificate errors will be ignored for this session
console.log: WebExtensions: reset-default-search: starting.
console.log: WebExtensions: reset-default-search: No addons in our list are installed.
1640790492108	geckodriver	INFO	Listening on 127.0.0.1:41181
1640790492612	mozrunner::runner	INFO	Running command: "/usr/bin/firefox" "--marionette" "--remote-debugging-port" "57951" "-no-remote" "-profile" "/tmp/rust_mozprofilekGh5F0"
1640790494778	Marionette	INFO	Marionette enabled
console.warn: SearchSettings: "get: No settings file exists, new profile?" (new NotFoundError("Could not open the file at /tmp/rust_mozprofilekGh5F0/search.json.mozlz4", (void 0)))
DevTools listening on ws://localhost:57951/devtools/browser/c1ac45c6-a175-4274-821d-fe770a397071
1640790496433	Marionette	INFO	Listening on port 39709
1640790496535	RemoteAgent	WARN	TLS certificate errors will be ignored for this session
Exiting due to channel error.
Exiting due to channel error.
Exiting due to channel error.
1640790524451	Marionette	INFO	Stopped listening on port 39917
console.warn: TopSitesFeed: Failed to fetch data from Contile server: NetworkError when attempting to fetch resource.
1640790527520	geckodriver	INFO	Listening on 127.0.0.1:56599
1640790528034	mozrunner::runner	INFO	Running command: "/usr/bin/firefox" "--marionette" "--remote-debugging-port" "52539" "-no-remote" "-profile" "/tmp/rust_mozprofile9kzYgB"
1640790528831	Marionette	INFO	Marionette enabled
console.warn: SearchSettings: "get: No settings file exists, new profile?" (new NotFoundError("Could not open the file at /tmp/rust_mozprofile9kzYgB/search.json.mozlz4", (void 0)))
DevTools listening on ws://localhost:52539/devtools/browser/3a2640f8-f5fc-4752-bc01-eab76f959668
1640790529986	Marionette	INFO	Listening on port 46143
1640790530053	RemoteAgent	WARN	TLS certificate errors will be ignored for this session
console.log: WebExtensions: reset-default-search: starting.
console.log: WebExtensions: reset-default-search: No addons in our list are installed.
Exiting due to channel error.
Exiting due to channel error.
Exiting due to channel error.
1640941243313	geckodriver	INFO	Listening on 127.0.0.1:45895
1640941243807	mozrunner::runner	INFO	Running command: "/usr/bin/firefox" "--marionette" "--remote-debugging-port" "48777" "-no-remote" "-profile" "/tmp/rust_mozprofileOJ00ay"
1640941245291	Marionette	INFO	Marionette enabled
console.warn: SearchSettings: "get: No settings file exists, new profile?" (new NotFoundError("Could not open the file at /tmp/rust_mozprofileOJ00ay/search.json.mozlz4", (void 0)))
DevTools listening on ws://localhost:48777/devtools/browser/bf88105a-7f68-498f-a4a6-7fc3cc58f5ed
1640941247184	Marionette	INFO	Listening on port 46859
1640941247231	RemoteAgent	WARN	TLS certificate errors will be ignored for this session
console.log: WebExtensions: reset-default-search: starting.
console.log: WebExtensions: reset-default-search: No addons in our list are installed.
Exiting due to channel error.
Exiting due to channel error.
Exiting due to channel error.
1641032470993	geckodriver	INFO	Listening on 127.0.0.1:50903
1641032471487	mozrunner::runner	INFO	Running command: "/usr/bin/firefox" "--marionette" "--remote-debugging-port" "56753" "-no-remote" "-profile" "/tmp/rust_mozprofileJFu74k"
1641032473107	Marionette	INFO	Marionette enabled
console.warn: SearchSettings: "get: No settings file exists, new profile?" (new NotFoundError("Could not open the file at /tmp/rust_mozprofileJFu74k/search.json.mozlz4", (void 0)))
DevTools listening on ws://localhost:56753/devtools/browser/d6081b70-b12a-4416-aef6-1f7e2ed0428b
1641032474842	Marionette	INFO	Listening on port 43295
1641032475062	RemoteAgent	WARN	TLS certificate errors will be ignored for this session
console.log: WebExtensions: reset-default-search: starting.
console.log: WebExtensions: reset-default-search: No addons in our list are installed.
Exiting due to channel error.
Exiting due to channel error.
Exiting due to channel error.
1641107152551	geckodriver	INFO	Listening on 127.0.0.1:57579
1641107153045	mozrunner::runner	INFO	Running command: "/usr/bin/firefox" "--marionette" "--remote-debugging-port" "35823" "-no-remote" "-profile" "/tmp/rust_mozprofile8dZshH"
1641107154672	Marionette	INFO	Marionette enabled
console.warn: SearchSettings: "get: No settings file exists, new profile?" (new NotFoundError("Could not open the file at /tmp/rust_mozprofile8dZshH/search.json.mozlz4", (void 0)))
DevTools listening on ws://localhost:35823/devtools/browser/8ece5f5a-1fcb-47be-87e7-3660c3673e2c
1641107156336	Marionette	INFO	Listening on port 36111
1641107156373	RemoteAgent	WARN	TLS certificate errors will be ignored for this session
console.log: WebExtensions: reset-default-search: starting.
console.log: WebExtensions: reset-default-search: No addons in our list are installed.
console.error: "Task cancelled"
JavaScript error: , line 0: NotFoundError: No such JSWindowActor 'DevToolsFrame'
Exiting due to channel error.
Exiting due to channel error.
Exiting due to channel error.
1641119493130	geckodriver	INFO	Listening on 127.0.0.1:33669
1641119493638	mozrunner::runner	INFO	Running command: "/usr/bin/firefox" "--marionette" "--remote-debugging-port" "60671" "-no-remote" "-profile" "/tmp/rust_mozprofile1XUJb4"
1641119494495	Marionette	INFO	Marionette enabled
console.warn: SearchSettings: "get: No settings file exists, new profile?" (new NotFoundError("Could not open the file at /tmp/rust_mozprofile1XUJb4/search.json.mozlz4", (void 0)))
DevTools listening on ws://localhost:60671/devtools/browser/36c1c13c-0507-4c51-9602-5df742d9c610
1641119495676	Marionette	INFO	Listening on port 37543
1641119495783	RemoteAgent	WARN	TLS certificate errors will be ignored for this session
console.log: WebExtensions: reset-default-search: starting.
console.log: WebExtensions: reset-default-search: No addons in our list are installed.
Exiting due to channel error.
Exiting due to channel error.
Exiting due to channel error.
1641197216468	geckodriver	INFO	Listening on 127.0.0.1:57533
1641197216968	mozrunner::runner	INFO	Running command: "/usr/bin/firefox" "--marionette" "--remote-debugging-port" "43573" "-no-remote" "-profile" "/tmp/rust_mozprofilecabZxH"
1641197218705	Marionette	INFO	Marionette enabled
console.warn: SearchSettings: "get: No settings file exists, new profile?" (new NotFoundError("Could not open the file at /tmp/rust_mozprofilecabZxH/search.json.mozlz4", (void 0)))
DevTools listening on ws://localhost:43573/devtools/browser/fc35765f-cf15-4b6a-a24a-d39f609763e4
1641197220453	Marionette	INFO	Listening on port 44991
1641197220501	RemoteAgent	WARN	TLS certificate errors will be ignored for this session
console.log: WebExtensions: reset-default-search: starting.
console.log: WebExtensions: reset-default-search: No addons in our list are installed.
Exiting due to channel error.
Exiting due to channel error.
Exiting due to channel error.
1641284216451	geckodriver	INFO	Listening on 127.0.0.1:43247
1641284216953	mozrunner::runner	INFO	Running command: "/usr/bin/firefox" "--marionette" "--remote-debugging-port" "59889" "-no-remote" "-profile" "/tmp/rust_mozprofileviNuhV"
1641284218590	Marionette	INFO	Marionette enabled
console.warn: SearchSettings: "get: No settings file exists, new profile?" (new NotFoundError("Could not open the file at /tmp/rust_mozprofileviNuhV/search.json.mozlz4", (void 0)))
DevTools listening on ws://localhost:59889/devtools/browser/612829ba-41c1-4c2f-9931-b4148af90a91
1641284220265	Marionette	INFO	Listening on port 45671
1641284220380	RemoteAgent	WARN	TLS certificate errors will be ignored for this session
console.log: WebExtensions: reset-default-search: starting.
console.log: WebExtensions: reset-default-search: No addons in our list are installed.
Exiting due to channel error.
Exiting due to channel error.
Exiting due to channel error.
1641375236399	geckodriver	INFO	Listening on 127.0.0.1:45793
1641375236893	mozrunner::runner	INFO	Running command: "/usr/bin/firefox" "--marionette" "--remote-debugging-port" "48873" "-no-remote" "-profile" "/tmp/rust_mozprofileiea8ua"
[GFX1-]: glxtest: libEGL initialize failed
[GFX1-]: glxtest: X error, error_code=2, request_code=152, minor_code=3
[GFX1-]: glxtest: process failed (exited with status 1)
1641375238427	Marionette	INFO	Marionette enabled
console.warn: SearchSettings: "get: No settings file exists, new profile?" (new NotFoundError("Could not open the file at /tmp/rust_mozprofileiea8ua/search.json.mozlz4", (void 0)))
DevTools listening on ws://localhost:48873/devtools/browser/b771038d-e354-493a-9f05-75c4fdf559f6
1641375240427	Marionette	INFO	Listening on port 33225
1641375240542	RemoteAgent	WARN	TLS certificate errors will be ignored for this session
console.log: WebExtensions: reset-default-search: starting.
console.log: WebExtensions: reset-default-search: No addons in our list are installed.
Exiting due to channel error.
Exiting due to channel error.
Exiting due to channel error.
1641473313386	geckodriver	INFO	Listening on 127.0.0.1:34673
1641473313879	mozrunner::runner	INFO	Running command: "/usr/bin/firefox" "--marionette" "--remote-debugging-port" "37407" "-no-remote" "-profile" "/tmp/rust_mozprofilefNUX1i"
1641473315923	Marionette	INFO	Marionette enabled
console.warn: SearchSettings: "get: No settings file exists, new profile?" (new NotFoundError("Could not open the file at /tmp/rust_mozprofilefNUX1i/search.json.mozlz4", (void 0)))
DevTools listening on ws://localhost:37407/devtools/browser/3e49ed89-82a8-4622-ae4a-ee15b0cbd5c6
1641473318224	Marionette	INFO	Listening on port 33385
1641473318310	RemoteAgent	WARN	TLS certificate errors will be ignored for this session
Exiting due to channel error.
Exiting due to channel error.
Exiting due to channel error.
1641538690812	geckodriver	INFO	Listening on 127.0.0.1:49459
1641538691303	mozrunner::runner	INFO	Running command: "/usr/bin/firefox" "--marionette" "--remote-debugging-port" "42109" "-no-remote" "-profile" "/tmp/rust_mozprofileWlts81"
1641538692856	Marionette	INFO	Marionette enabled
console.warn: SearchSettings: "get: No settings file exists, new profile?" (new NotFoundError("Could not open the file at /tmp/rust_mozprofileWlts81/search.json.mozlz4", (void 0)))
DevTools listening on ws://localhost:42109/devtools/browser/4e3d6e3f-4514-45c1-8bd5-294965ef5926
1641538694781	Marionette	INFO	Listening on port 33631
1641538694856	RemoteAgent	WARN	TLS certificate errors will be ignored for this session
Exiting due to channel error.
Exiting due to channel error.
Exiting due to channel error.
1641722051969	geckodriver	INFO	Listening on 127.0.0.1:35939
1641722052468	mozrunner::runner	INFO	Running command: "/usr/bin/firefox" "--marionette" "--remote-debugging-port" "35125" "-no-remote" "-profile" "/tmp/rust_mozprofile0hVKSO"
1641722054231	Marionette	INFO	Marionette enabled
console.warn: SearchSettings: "get: No settings file exists, new profile?" (new NotFoundError("Could not open the file at /tmp/rust_mozprofile0hVKSO/search.json.mozlz4", (void 0)))
DevTools listening on ws://localhost:35125/devtools/browser/8df09020-85ad-4ba0-9239-6020b9ba62e8
1641722056260	Marionette	INFO	Listening on port 33843
1641722056294	RemoteAgent	WARN	TLS certificate errors will be ignored for this session
Exiting due to channel error.
Exiting due to channel error.
Exiting due to channel error.
1641882830174	geckodriver	INFO	Listening on 127.0.0.1:45401
1641882830666	mozrunner::runner	INFO	Running command: "/usr/bin/firefox" "--marionette" "--remote-debugging-port" "58337" "-no-remote" "-profile" "/tmp/rust_mozprofilenjYWTy"
1641882832193	Marionette	INFO	Marionette enabled
console.warn: SearchSettings: "get: No settings file exists, new profile?" (new NotFoundError("Could not open the file at /tmp/rust_mozprofilenjYWTy/search.json.mozlz4", (void 0)))
DevTools listening on ws://localhost:58337/devtools/browser/940c6eda-151c-4bd4-a7bb-54027c15d922
1641882833973	Marionette	INFO	Listening on port 45531
1641882834006	RemoteAgent	WARN	TLS certificate errors will be ignored for this session
Exiting due to channel error.
Exiting due to channel error.
Exiting due to channel error.
1641966925538	geckodriver	INFO	Listening on 127.0.0.1:38905
1641966926012	mozrunner::runner	INFO	Running command: "/usr/bin/firefox" "--marionette" "--remote-debugging-port" "46903" "-no-remote" "-profile" "/tmp/rust_mozprofilekwvSpn"
1641966927627	Marionette	INFO	Marionette enabled
console.warn: SearchSettings: "get: No settings file exists, new profile?" (new NotFoundError("Could not open the file at /tmp/rust_mozprofilekwvSpn/search.json.mozlz4", (void 0)))
DevTools listening on ws://localhost:46903/devtools/browser/5386ce79-de06-4b6e-8712-e32ac6963d7a
1641966929574	Marionette	INFO	Listening on port 36077
1641966929646	RemoteAgent	WARN	TLS certificate errors will be ignored for this session
Exiting due to channel error.
Exiting due to channel error.
Exiting due to channel error.
1642055924109	geckodriver	INFO	Listening on 127.0.0.1:35913
1642055924605	mozrunner::runner	INFO	Running command: "/usr/bin/firefox" "--marionette" "--remote-debugging-port" "40307" "-no-remote" "-profile" "/tmp/rust_mozprofiled1XkuI"
1642055927494	Marionette	INFO	Marionette enabled
console.warn: SearchSettings: "get: No settings file exists, new profile?" (new NotFoundError("Could not open the file at /tmp/rust_mozprofiled1XkuI/search.json.mozlz4", (void 0)))
DevTools listening on ws://localhost:40307/devtools/browser/1bb172db-2bad-4fa6-ac15-4b7ba36e612c
1642055929051	Marionette	INFO	Listening on port 46849
1642055929364	RemoteAgent	WARN	TLS certificate errors will be ignored for this session
Exiting due to channel error.
Exiting due to channel error.
Exiting due to channel error.
1642147541155	geckodriver	INFO	Listening on 127.0.0.1:41891
1642147541663	mozrunner::runner	INFO	Running command: "/usr/bin/firefox" "--marionette" "--remote-debugging-port" "44479" "-no-remote" "-profile" "/tmp/rust_mozprofilezeebvw"
1642147543367	Marionette	INFO	Marionette enabled
console.warn: SearchSettings: "get: No settings file exists, new profile?" (new NotFoundError("Could not open the file at /tmp/rust_mozprofilezeebvw/search.json.mozlz4", (void 0)))
DevTools listening on ws://localhost:44479/devtools/browser/5ee168f8-f425-48b6-b9e6-f1128747b5a7
1642147544777	Marionette	INFO	Listening on port 37157
1642147544815	RemoteAgent	WARN	TLS certificate errors will be ignored for this session
Exiting due to channel error.
Exiting due to channel error.
Exiting due to channel error.
1642228507673	geckodriver	INFO	Listening on 127.0.0.1:54427
1642228508167	mozrunner::runner	INFO	Running command: "/usr/bin/firefox" "--marionette" "--remote-debugging-port" "43749" "-no-remote" "-profile" "/tmp/rust_mozprofile5WYAES"
1642228509551	Marionette	INFO	Marionette enabled
console.warn: SearchSettings: "get: No settings file exists, new profile?" (new NotFoundError("Could not open the file at /tmp/rust_mozprofile5WYAES/search.json.mozlz4", (void 0)))
DevTools listening on ws://localhost:43749/devtools/browser/119caccf-5962-4d0d-aab2-9694340c8054
1642228511294	Marionette	INFO	Listening on port 41219
1642228511396	RemoteAgent	WARN	TLS certificate errors will be ignored for this session
Exiting due to channel error.
Exiting due to channel error.
Exiting due to channel error.
1642319874008	geckodriver	INFO	Listening on 127.0.0.1:41367
1642319874502	mozrunner::runner	INFO	Running command: "/usr/bin/firefox" "--marionette" "--remote-debugging-port" "33721" "-no-remote" "-profile" "/tmp/rust_mozprofileHFIKGG"
1642319875905	Marionette	INFO	Marionette enabled
console.warn: SearchSettings: "get: No settings file exists, new profile?" (new NotFoundError("Could not open the file at /tmp/rust_mozprofileHFIKGG/search.json.mozlz4", (void 0)))
DevTools listening on ws://localhost:33721/devtools/browser/46ea623a-3d06-4e2d-a964-437a9739e03d
1642319877624	Marionette	INFO	Listening on port 43995
1642319877741	RemoteAgent	WARN	TLS certificate errors will be ignored for this session
Exiting due to channel error.
Exiting due to channel error.
Exiting due to channel error.
1642408409644	geckodriver	INFO	Listening on 127.0.0.1:45299
1642408410147	mozrunner::runner	INFO	Running command: "/usr/bin/firefox" "--marionette" "--remote-debugging-port" "56797" "-no-remote" "-profile" "/tmp/rust_mozprofilewDEk4a"
1642408412909	Marionette	INFO	Marionette enabled
console.warn: SearchSettings: "get: No settings file exists, new profile?" (new NotFoundError("Could not open the file at /tmp/rust_mozprofilewDEk4a/search.json.mozlz4", (void 0)))
DevTools listening on ws://localhost:56797/devtools/browser/78d1ce54-b597-4e14-a537-25fb1e24baf4
1642408414894	Marionette	INFO	Listening on port 34737
1642408415023	RemoteAgent	WARN	TLS certificate errors will be ignored for this session
Exiting due to channel error.
Exiting due to channel error.
Exiting due to channel error.
1642590679716	geckodriver	INFO	Listening on 127.0.0.1:58875
1642590680221	mozrunner::runner	INFO	Running command: "/usr/bin/firefox" "--marionette" "--remote-debugging-port" "60709" "-no-remote" "-profile" "/tmp/rust_mozprofilewYXK3O"
1642590681801	Marionette	INFO	Marionette enabled
console.warn: SearchSettings: "get: No settings file exists, new profile?" (new NotFoundError("Could not open the file at /tmp/rust_mozprofilewYXK3O/search.json.mozlz4", (void 0)))
DevTools listening on ws://localhost:60709/devtools/browser/4d8273ae-7b5e-443b-9c11-318776ba7536
1642590683819	Marionette	INFO	Listening on port 34255
1642590683851	RemoteAgent	WARN	TLS certificate errors will be ignored for this session
Gdk-Message: 01:52:11.106: firefox: Fatal IO error 11 (Resource temporarily unavailable) on X server :1.

Exiting due to channel error.
Exiting due to channel error.
Exiting due to channel error.
1642851645300	geckodriver	INFO	Listening on 127.0.0.1:43853
1642851645790	mozrunner::runner	INFO	Running command: "/usr/bin/firefox" "--marionette" "--remote-debugging-port" "50203" "-no-remote" "-profile" "/tmp/rust_mozprofile771lJm"
1642851647373	Marionette	INFO	Marionette enabled
console.warn: SearchSettings: "get: No settings file exists, new profile?" (new NotFoundError("Could not open the file at /tmp/rust_mozprofile771lJm/search.json.mozlz4", (void 0)))
DevTools listening on ws://localhost:50203/devtools/browser/89cfc3b7-8712-46cf-b65d-0fe0ebba0570
1642851649314	Marionette	INFO	Listening on port 39349
1642851649429	RemoteAgent	WARN	TLS certificate errors will be ignored for this session
Exiting due to channel error.
Exiting due to channel error.
Exiting due to channel error.
1643279056396	geckodriver	INFO	Listening on 127.0.0.1:51813
1643279056899	mozrunner::runner	INFO	Running command: "/usr/bin/firefox" "--marionette" "--remote-debugging-port" "60785" "-no-remote" "-profile" "/tmp/rust_mozprofilewNAQCd"
1643279058586	Marionette	INFO	Marionette enabled
console.warn: SearchSettings: "get: No settings file exists, new profile?" (new NotFoundError("Could not open the file at /tmp/rust_mozprofilewNAQCd/search.json.mozlz4", (void 0)))
DevTools listening on ws://localhost:60785/devtools/browser/861673c2-d691-467c-bf04-64aab7f7850b
1643279060524	Marionette	INFO	Listening on port 46023
1643279060653	RemoteAgent	WARN	TLS certificate errors will be ignored for this session
Exiting due to channel error.
Exiting due to channel error.
Exiting due to channel error.
1643349721842	geckodriver	INFO	Listening on 127.0.0.1:50557
1643349722335	mozrunner::runner	INFO	Running command: "/usr/bin/firefox" "--marionette" "--remote-debugging-port" "33703" "-no-remote" "-profile" "/tmp/rust_mozprofileh1i05T"
1643349723964	Marionette	INFO	Marionette enabled
console.warn: SearchSettings: "get: No settings file exists, new profile?" (new NotFoundError("Could not open the file at /tmp/rust_mozprofileh1i05T/search.json.mozlz4", (void 0)))
DevTools listening on ws://localhost:33703/devtools/browser/26ab9377-c3f7-47b5-86f7-079a99871ac5
1643349725702	Marionette	INFO	Listening on port 39011
1643349726026	RemoteAgent	WARN	TLS certificate errors will be ignored for this session
Gdk-Message: 23:59:34.857: firefox: Fatal IO error 11 (Resource temporarily unavailable) on X server :1.

Exiting due to channel error.
Exiting due to channel error.
Exiting due to channel error.
1643532057100	geckodriver	INFO	Listening on 127.0.0.1:36913
1643532057603	mozrunner::runner	INFO	Running command: "/usr/bin/firefox" "--marionette" "--remote-debugging-port" "54727" "-no-remote" "-profile" "/tmp/rust_mozprofilew0Qdse"
1643532059130	Marionette	INFO	Marionette enabled
console.warn: SearchSettings: "get: No settings file exists, new profile?" (new NotFoundError("Could not open the file at /tmp/rust_mozprofilew0Qdse/search.json.mozlz4", (void 0)))
DevTools listening on ws://localhost:54727/devtools/browser/9b16eee0-2403-4647-983b-f049d1c3a785
1643532063414	Marionette	INFO	Listening on port 32925
1643532063871	RemoteAgent	WARN	TLS certificate errors will be ignored for this session
Exiting due to channel error.
Exiting due to channel error.
Exiting due to channel error.
1643616476877	geckodriver	INFO	Listening on 127.0.0.1:41711
1643616477366	mozrunner::runner	INFO	Running command: "/usr/bin/firefox" "--marionette" "--remote-debugging-port" "52897" "-no-remote" "-profile" "/tmp/rust_mozprofilencNC4o"
1643616478960	Marionette	INFO	Marionette enabled
console.warn: SearchSettings: "get: No settings file exists, new profile?" (new NotFoundError("Could not open the file at /tmp/rust_mozprofilencNC4o/search.json.mozlz4", (void 0)))
DevTools listening on ws://localhost:52897/devtools/browser/3a5a2ac4-2254-4e25-8237-4673ef264e4e
1643616480879	Marionette	INFO	Listening on port 43333
1643616480994	RemoteAgent	WARN	TLS certificate errors will be ignored for this session
Exiting due to channel error.
Exiting due to channel error.
Exiting due to channel error.
1644226252729	geckodriver	INFO	Listening on 127.0.0.1:42551
1644226253216	mozrunner::runner	INFO	Running command: "/usr/bin/firefox" "--marionette" "--remote-debugging-port" "54969" "-no-remote" "-profile" "/tmp/rust_mozprofile6bzSpC"
1644226256011	Marionette	INFO	Marionette enabled
console.warn: SearchSettings: "get: No settings file exists, new profile?" (new NotFoundError("Could not open the file at /tmp/rust_mozprofile6bzSpC/search.json.mozlz4", (void 0)))
DevTools listening on ws://localhost:54969/devtools/browser/5a72c9b2-c01b-4d4e-a890-1d69fb2fc9ee
1644226257830	Marionette	INFO	Listening on port 41875
1644226257860	RemoteAgent	WARN	TLS certificate errors will be ignored for this session
Exiting due to channel error.
Exiting due to channel error.
Exiting due to channel error.
1644309049222	geckodriver	INFO	Listening on 127.0.0.1:49763
1644309049727	mozrunner::runner	INFO	Running command: "/usr/bin/firefox" "--marionette" "--remote-debugging-port" "53935" "-no-remote" "-profile" "/tmp/rust_mozprofileAeyVmR"
1644309053669	Marionette	INFO	Marionette enabled
console.warn: SearchSettings: "get: No settings file exists, new profile?" (new NotFoundError("Could not open the file at /tmp/rust_mozprofileAeyVmR/search.json.mozlz4", (void 0)))
DevTools listening on ws://localhost:53935/devtools/browser/9022ba7e-7b95-481c-9bae-615275100442
1644309055527	Marionette	INFO	Listening on port 45261
1644309055566	RemoteAgent	WARN	TLS certificate errors will be ignored for this session
Exiting due to channel error.
Exiting due to channel error.
Exiting due to channel error.
1644395386372	geckodriver	INFO	Listening on 127.0.0.1:51705
1644395386865	mozrunner::runner	INFO	Running command: "/usr/bin/firefox" "--marionette" "--remote-debugging-port" "50667" "-no-remote" "-profile" "/tmp/rust_mozprofileFlcEY0"
1644395388550	Marionette	INFO	Marionette enabled
console.warn: SearchSettings: "get: No settings file exists, new profile?" (new NotFoundError("Could not open the file at /tmp/rust_mozprofileFlcEY0/search.json.mozlz4", (void 0)))
DevTools listening on ws://localhost:50667/devtools/browser/6a22259b-af4b-41ad-8575-c49777da9ba5
1644395390299	Marionette	INFO	Listening on port 35467
1644395390414	RemoteAgent	WARN	TLS certificate errors will be ignored for this session
Exiting due to channel error.
Exiting due to channel error.
Exiting due to channel error.
1644484614826	geckodriver	INFO	Listening on 127.0.0.1:50829
1644484615319	mozrunner::runner	INFO	Running command: "/usr/bin/firefox" "--marionette" "--remote-debugging-port" "45767" "-no-remote" "-profile" "/tmp/rust_mozprofileTfc8Fs"
1644484618414	Marionette	INFO	Marionette enabled
console.warn: SearchSettings: "get: No settings file exists, new profile?" (new NotFoundError("Could not open the file at /tmp/rust_mozprofileTfc8Fs/search.json.mozlz4", (void 0)))
DevTools listening on ws://localhost:45767/devtools/browser/1a44c826-c06c-4253-b337-9b5e07705763
1644484620055	Marionette	INFO	Listening on port 42991
1644484620439	RemoteAgent	WARN	TLS certificate errors will be ignored for this session
Exiting due to channel error.
Exiting due to channel error.
Exiting due to channel error.
1644569011453	geckodriver	INFO	Listening on 127.0.0.1:46527
1644569011944	mozrunner::runner	INFO	Running command: "/usr/bin/firefox" "--marionette" "--remote-debugging-port" "60079" "-no-remote" "-profile" "/tmp/rust_mozprofileQ2QzlL"
1644569013620	Marionette	INFO	Marionette enabled
console.warn: SearchSettings: "get: No settings file exists, new profile?" (new NotFoundError("Could not open the file at /tmp/rust_mozprofileQ2QzlL/search.json.mozlz4", (void 0)))
DevTools listening on ws://localhost:60079/devtools/browser/03c28332-01b7-4713-8a79-6749d9e105b2
1644569015377	Marionette	INFO	Listening on port 44137
1644569015512	RemoteAgent	WARN	TLS certificate errors will be ignored for this session
console.error: "Task cancelled"
JavaScript error: , line 0: NotFoundError: No such JSWindowActor 'DevToolsFrame'
JavaScript error: resource://devtools/client/netmonitor/src/connector/firefox-data-provider.js, line 600: Error: Error while calling method getEventTimings: 'getEventTimings' active request packet to 'server0.conn0.netEvent5727' can't be sent as the connection just closed.
Exiting due to channel error.
Exiting due to channel error.
Exiting due to channel error.
Exiting due to channel error.
1644662029250	geckodriver	INFO	Listening on 127.0.0.1:46795
1644662029754	mozrunner::runner	INFO	Running command: "/usr/bin/firefox" "--marionette" "--remote-debugging-port" "36551" "-no-remote" "-profile" "/tmp/rust_mozprofilehk9wwz"
1644662035022	Marionette	INFO	Marionette enabled
console.warn: SearchSettings: "get: No settings file exists, new profile?" (new NotFoundError("Could not open the file at /tmp/rust_mozprofilehk9wwz/search.json.mozlz4", (void 0)))
DevTools listening on ws://localhost:36551/devtools/browser/4b745b7a-9a07-4ae9-a87f-7f54e86084bb
1644662037792	Marionette	INFO	Listening on port 35801
1644662037929	RemoteAgent	WARN	TLS certificate errors will be ignored for this session
1644663882631	Marionette	INFO	Stopped listening on port 35801
console.error: "Could not write session state file " (new Error("Could not write chunk (size = 11377) to file /tmp/rust_mozprofilehk9wwz/sessionstore.jsonlz4.tmp. The file may be corrupt.", (void 0), 106)) "DOMException@resource://gre/modules/PromiseWorker.jsm:106:18\npostMessage@resource://gre/modules/PromiseWorker.jsm:342:55\n"
JavaScript error: , line 0: NotReadableError: Could not write chunk (size = 122) to file /tmp/rust_mozprofilehk9wwz/sessionCheckpoints.json.tmp. The file may be corrupt.
JavaScript error: , line 0: QuotaExceededError: The current transaction exceeded its quota limitations.
JavaScript error: , line 0: NotReadableError: Could not write chunk (si1644664729776	geckodriver	INFO	Listening on 127.0.0.1:59575
1644664730281	mozrunner::runner	INFO	Running command: "/usr/bin/firefox" "--marionette" "--remote-debugging-port" "48037" "-no-remote" "-profile" "/tmp/rust_mozprofileTzx0Mn"
1644664732235	Marionette	INFO	Marionette enabled
console.warn: SearchSettings: "get: No settings file exists, new profile?" (new NotFoundError("Could not open the file at /tmp/rust_mozprofileTzx0Mn/search.json.mozlz4", (void 0)))
DevTools listening on ws://localhost:48037/devtools/browser/f6820c19-e247-4550-9c90-65a2e2af7286
1644664734044	Marionette	INFO	Listening on port 33773
1644664734333	RemoteAgent	WARN	TLS certificate errors will be ignored for this session
Exiting due to channel error.
Exiting due to channel error.
Exiting due to channel error.
1644743254774	geckodriver	INFO	Listening on 127.0.0.1:47275
1644743255269	mozrunner::runner	INFO	Running command: "/usr/bin/firefox" "--marionette" "--remote-debugging-port" "48297" "-no-remote" "-profile" "/tmp/rust_mozprofileYBYjMs"
1644743257304	Marionette	INFO	Marionette enabled
console.warn: SearchSettings: "get: No settings file exists, new profile?" (new NotFoundError("Could not open the file at /tmp/rust_mozprofileYBYjMs/search.json.mozlz4", (void 0)))
DevTools listening on ws://localhost:48297/devtools/browser/9caad12f-33d3-429e-a5d9-57c80df5f6ad
1644743259484	Marionette	INFO	Listening on port 42481
1644743259601	RemoteAgent	WARN	TLS certificate errors will be ignored for this session
Exiting due to channel error.
Exiting due to channel error.
Exiting due to channel error.
1644826578387	geckodriver	INFO	Listening on 127.0.0.1:46331
1644826578878	mozrunner::runner	INFO	Running command: "/usr/bin/firefox" "--marionette" "--remote-debugging-port" "35671" "-no-remote" "-profile" "/tmp/rust_mozprofilevniJ7x"
1644826580798	Marionette	INFO	Marionette enabled
console.warn: SearchSettings: "get: No settings file exists, new profile?" (new NotFoundError("Could not open the file at /tmp/rust_mozprofilevniJ7x/search.json.mozlz4", (void 0)))
DevTools listening on ws://localhost:35671/devtools/browser/28908511-94cf-4e09-8fd5-7f77dea9abaa
1644826582510	Marionette	INFO	Listening on port 42523
1644826582865	RemoteAgent	WARN	TLS certificate errors will be ignored for this session
Exiting due to channel error.
Exiting due to channel error.
Exiting due to channel error.
1644911630375	geckodriver	INFO	Listening on 127.0.0.1:45879
1644911630881	mozrunner::runner	INFO	Running command: "/usr/bin/firefox" "--marionette" "--remote-debugging-port" "39683" "-no-remote" "-profile" "/tmp/rust_mozprofileCyGNfO"
1644911632655	Marionette	INFO	Marionette enabled
console.warn: SearchSettings: "get: No settings file exists, new profile?" (new NotFoundError("Could not open the file at /tmp/rust_mozprofileCyGNfO/search.json.mozlz4", (void 0)))
DevTools listening on ws://localhost:39683/devtools/browser/3eae1b1f-231c-4ea7-a539-9eddb2736e71
1644911636765	Marionette	INFO	Listening on port 38451
1644911636821	RemoteAgent	WARN	TLS certificate errors will be ignored for this session
Exiting due to channel error.
Exiting due to channel error.
Exiting due to channel error.
1645005754411	geckodriver	INFO	Listening on 127.0.0.1:41969
1645005754887	mozrunner::runner	INFO	Running command: "/usr/bin/firefox" "--marionette" "--remote-debugging-port" "39915" "-no-remote" "-profile" "/tmp/rust_mozprofiletiY3Et"
1645005756349	Marionette	INFO	Marionette enabled
console.warn: SearchSettings: "get: No settings file exists, new profile?" (new NotFoundError("Could not open the file at /tmp/rust_mozprofiletiY3Et/search.json.mozlz4", (void 0)))
DevTools listening on ws://localhost:39915/devtools/browser/a9307171-0978-49e8-8c75-844e260b3d42
1645005761262	Marionette	INFO	Listening on port 34489
1645005761521	RemoteAgent	WARN	TLS certificate errors will be ignored for this session
Exiting due to channel error.
Exiting due to channel error.
Exiting due to channel error.
1645093548195	geckodriver	INFO	Listening on 127.0.0.1:48449
1645093548703	mozrunner::runner	INFO	Running command: "/usr/bin/firefox" "--marionette" "--remote-debugging-port" "51571" "-no-remote" "-profile" "/tmp/rust_mozprofileU6HaCj"
1645093550969	Marionette	INFO	Marionette enabled
console.warn: SearchSettings: "get: No settings file exists, new profile?" (new NotFoundError("Could not open the file at /tmp/rust_mozprofileU6HaCj/search.json.mozlz4", (void 0)))
DevTools listening on ws://localhost:51571/devtools/browser/c8771870-5891-4f38-b69b-7ffeb1498afe
1645093552952	Marionette	INFO	Listening on port 38363
1645093553159	RemoteAgent	WARN	TLS certificate errors will be ignored for this session
Exiting due to channel error.
Exiting due to channel error.
Exiting due to channel error.
1645166439518	geckodriver	INFO	Listening on 127.0.0.1:42483
1645166440009	mozrunner::runner	INFO	Running command: "/usr/bin/firefox" "--marionette" "--remote-debugging-port" "40209" "-no-remote" "-profile" "/tmp/rust_mozprofilero70So"
1645166441811	Marionette	INFO	Marionette enabled
console.warn: SearchSettings: "get: No settings file exists, new profile?" (new NotFoundError("Could not open the file at /tmp/rust_mozprofilero70So/search.json.mozlz4", (void 0)))
DevTools listening on ws://localhost:40209/devtools/browser/bc02b5d7-1594-4e37-a7b4-c9eaa3f77ea4
1645166448141	Marionette	INFO	Listening on port 43627
1645166448300	RemoteAgent	WARN	TLS certificate errors will be ignored for this session
Exiting due to channel error.
Exiting due to channel error.
Exiting due to channel error.
1645193168565	geckodriver	INFO	Listening on 127.0.0.1:56739
1645193169062	mozrunner::runner	INFO	Running command: "/usr/bin/firefox" "--marionette" "--remote-debugging-port" "54355" "-no-remote" "-profile" "/tmp/rust_mozprofileWIOHqQ"
1645193170944	Marionette	INFO	Marionette enabled
console.warn: SearchSettings: "get: No settings file exists, new profile?" (new NotFoundError("Could not open the file at /tmp/rust_mozprofileWIOHqQ/search.json.mozlz4", (void 0)))
DevTools listening on ws://localhost:54355/devtools/browser/83e76c9d-e196-475d-919a-427b3b24b918
1645193173212	Marionette	INFO	Listening on port 36873
1645193173295	RemoteAgent	WARN	TLS certificate errors will be ignored for this session
Exiting due to channel error.
Exiting due to channel error.
Exiting due to channel error.
1645346699034	geckodriver	INFO	Listening on 127.0.0.1:46893
1645346699537	mozrunner::runner	INFO	Running command: "/usr/bin/firefox" "--marionette" "--remote-debugging-port" "37281" "-no-remote" "-profile" "/tmp/rust_mozprofileZrRM9W"
1645346701511	Marionette	INFO	Marionette enabled
console.warn: SearchSettings: "get: No settings file exists, new profile?" (new NotFoundError("Could not open the file at /tmp/rust_mozprofileZrRM9W/search.json.mozlz4", (void 0)))
DevTools listening on ws://localhost:37281/devtools/browser/9fb4a4d4-5fb1-4d46-92d2-d4429582b748
1645346703258	Marionette	INFO	Listening on port 44691
1645346703367	RemoteAgent	WARN	TLS certificate errors will be ignored for this session
Exiting due to channel error.
Exiting due to channel error.
Exiting due to channel error.
1649405153043	geckodriver	INFO	Listening on 127.0.0.1:38613
1649405153542	mozrunner::runner	INFO	Running command: "/usr/bin/firefox" "--marionette" "--remote-debugging-port" "37219" "-no-remote" "-profile" "/tmp/rust_mozprofileqkclEq"
1649405155207	Marionette	INFO	Marionette enabled
console.warn: SearchSettings: "get: No settings file exists, new profile?" (new NotFoundError("Could not open the file at /tmp/rust_mozprofileqkclEq/search.json.mozlz4", (void 0)))
DevTools listening on ws://localhost:37219/devtools/browser/f39aa42d-ceed-4a09-86ef-05c89a9e8f2f
1649405157222	Marionette	INFO	Listening on port 40175
Read port: 40175
1649405157268	RemoteAgent	WARN	TLS certificate errors will be ignored for this session
Exiting due to channel error.
Exiting due to channel error.
Exiting due to channel error.
1649499608351	geckodriver	INFO	Listening on 127.0.0.1:37293
1649499608848	mozrunner::runner	INFO	Running command: "/usr/bin/firefox" "--marionette" "--remote-debugging-port" "58251" "-no-remote" "-profile" "/tmp/rust_mozprofilePyMPtk"
1649499612674	Marionette	INFO	Marionette enabled
console.warn: SearchSettings: "get: No settings file exists, new profile?" (new NotFoundError("Could not open the file at /tmp/rust_mozprofilePyMPtk/search.json.mozlz4", (void 0)))
DevTools listening on ws://localhost:58251/devtools/browser/247b28ce-5a18-4f98-bf67-ae05d0226dda
1649499614325	Marionette	INFO	Listening on port 39085
Read port: 39085
1649499614378	RemoteAgent	WARN	TLS certificate errors will be ignored for this session
Exiting due to channel error.
Exiting due to channel error.
Exiting due to channel error.
1649570866433	geckodriver	INFO	Listening on 127.0.0.1:44649
1649570866931	mozrunner::runner	INFO	Running command: "/usr/bin/firefox" "--marionette" "--remote-debugging-port" "52045" "-no-remote" "-profile" "/tmp/rust_mozprofileGVWbWo"
1649570867826	Marionette	INFO	Marionette enabled
console.warn: SearchSettings: "get: No settings file exists, new profile?" (new NotFoundError("Could not open the file at /tmp/rust_mozprofileGVWbWo/search.json.mozlz4", (void 0)))
DevTools listening on ws://localhost:52045/devtools/browser/ffc3a620-0cef-45d1-8f8e-1cb664daea65
1649570869378	Marionette	INFO	Listening on port 42871
Read port: 42871
1649570869450	RemoteAgent	WARN	TLS certificate errors will be ignored for this session
Exiting due to channel error.
Exiting due to channel error.
Exiting due to channel error.
1649654626580	geckodriver	INFO	Listening on 127.0.0.1:33261
1649654627029	mozrunner::runner	INFO	Running command: "/usr/bin/firefox" "--marionette" "--remote-debugging-port" "41433" "-no-remote" "-profile" "/tmp/rust_mozprofileXoqOLL"
1649654634252	Marionette	INFO	Marionette enabled
console.warn: SearchSettings: "get: No settings file exists, new profile?" (new NotFoundError("Could not open the file at /tmp/rust_mozprofileXoqOLL/search.json.mozlz4", (void 0)))
DevTools listening on ws://localhost:41433/devtools/browser/5e2c845d-e91e-4294-8906-d07dbfb2d0ac
1649654641304	Marionette	INFO	Listening on port 33721
Read port: 33721
1649654641386	RemoteAgent	WARN	TLS certificate errors will be ignored for this session
Exiting due to channel error.
Exiting due to channel error.
Exiting due to channel error.
1649660119974	geckodriver	INFO	Listening on 127.0.0.1:57237
1649660120475	mozrunner::runner	INFO	Running command: "/usr/bin/firefox" "--marionette" "--remote-debugging-port" "43451" "-no-remote" "-profile" "/tmp/rust_mozprofileqH6VMI"
1649660122190	Marionette	INFO	Marionette enabled
console.warn: SearchSettings: "get: No settings file exists, new profile?" (new NotFoundError("Could not open the file at /tmp/rust_mozprofileqH6VMI/search.json.mozlz4", (void 0)))
DevTools listening on ws://localhost:43451/devtools/browser/3e46294b-c989-4d7c-b2e9-af6834c9289d
1649660125008	Marionette	INFO	Listening on port 38189
Read port: 38189
1649660125098	RemoteAgent	WARN	TLS certificate errors will be ignored for this session
Exiting due to channel error.
Exiting due to channel error.
Exiting due to channel error.
1649661889041	geckodriver	INFO	Listening on 127.0.0.1:34977
1649661889554	mozrunner::runner	INFO	Running command: "/usr/bin/firefox" "--marionette" "--remote-debugging-port" "59591" "-no-remote" "-profile" "/tmp/rust_mozprofileCXeyeK"
1649661890303	Marionette	INFO	Marionette enabled
console.warn: SearchSettings: "get: No settings file exists, new profile?" (new NotFoundError("Could not open the file at /tmp/rust_mozprofileCXeyeK/search.json.mozlz4", (void 0)))
DevTools listening on ws://localhost:59591/devtools/browser/436cb33c-2c04-4379-ac59-12983041c001
1649661891542	Marionette	INFO	Listening on port 33567
Read port: 33567
1649661891585	RemoteAgent	WARN	TLS certificate errors will be ignored for this session
Exiting due to channel error.
Exiting due to channel error.
Exiting due to channel error.
1649758314495	geckodriver	INFO	Listening on 127.0.0.1:35245
1649758314982	mozrunner::runner	INFO	Running command: "/usr/bin/firefox" "--marionette" "--remote-debugging-port" "49243" "-no-remote" "-profile" "/tmp/rust_mozprofileGXtqeY"
1649758316555	Marionette	INFO	Marionette enabled
console.warn: SearchSettings: "get: No settings file exists, new profile?" (new NotFoundError("Could not open the file at /tmp/rust_mozprofileGXtqeY/search.json.mozlz4", (void 0)))
DevTools listening on ws://localhost:49243/devtools/browser/6c85a2f5-3ef2-4c1f-aaef-8c2e9953130d
1649758318516	Marionette	INFO	Listening on port 42581
Read port: 42581
1649758318610	RemoteAgent	WARN	TLS certificate errors will be ignored for this session
Exiting due to channel error.
Exiting due to channel error.
Exiting due to channel error.
1649829508142	geckodriver	INFO	Listening on 127.0.0.1:54101
1649829508640	mozrunner::runner	INFO	Running command: "/usr/bin/firefox" "--marionette" "--remote-debugging-port" "51457" "-no-remote" "-profile" "/tmp/rust_mozprofile3ttpJj"
1649829510238	Marionette	INFO	Marionette enabled
console.warn: SearchSettings: "get: No settings file exists, new profile?" (new NotFoundError("Could not open the file at /tmp/rust_mozprofile3ttpJj/search.json.mozlz4", (void 0)))
DevTools listening on ws://localhost:51457/devtools/browser/51634e64-c445-49e1-a181-ae0a3fb400bb
1649829511835	Marionette	INFO	Listening on port 36843
Read port: 36843
1649829511871	RemoteAgent	WARN	TLS certificate errors will be ignored for this session
Exiting due to channel error.
Exiting due to channel error.
Exiting due to channel error.
1650012849008	geckodriver	INFO	Listening on 127.0.0.1:36599
1650012849497	mozrunner::runner	INFO	Running command: "/usr/bin/firefox" "--marionette" "--remote-debugging-port" "52779" "-no-remote" "-profile" "/tmp/rust_mozprofileK800IT"
1650012850974	Marionette	INFO	Marionette enabled
console.warn: SearchSettings: "get: No settings file exists, new profile?" (new NotFoundError("Could not open the file at /tmp/rust_mozprofileK800IT/search.json.mozlz4", (void 0)))
DevTools listening on ws://localhost:52779/devtools/browser/7ce9e936-8158-4ea8-9fe5-847e35070ff9
1650012852664	Marionette	INFO	Listening on port 46161
Read port: 46161
1650012852717	RemoteAgent	WARN	TLS certificate errors will be ignored for this session
Exiting due to channel error.
Exiting due to channel error.
Exiting due to channel error.
1650200844700	geckodriver	INFO	Listening on 127.0.0.1:45841
1650200845198	mozrunner::runner	INFO	Running command: "/usr/bin/firefox" "--marionette" "--remote-debugging-port" "43469" "-no-remote" "-profile" "/tmp/rust_mozprofileo03Mq2"
1650200846755	Marionette	INFO	Marionette enabled
console.warn: SearchSettings: "get: No settings file exists, new profile?" (new NotFoundError("Could not open the file at /tmp/rust_mozprofileo03Mq2/search.json.mozlz4", (void 0)))
DevTools listening on ws://localhost:43469/devtools/browser/85932ec9-06be-43b9-b9c0-aa767f389daa
1650200848467	Marionette	INFO	Listening on port 35751
Read port: 35751
1650200848521	RemoteAgent	WARN	TLS certificate errors will be ignored for this session
Exiting due to channel error.
Exiting due to channel error.
Exiting due to channel error.
1650273469946	geckodriver	INFO	Listening on 127.0.0.1:37555
1650273470434	mozrunner::runner	INFO	Running command: "/usr/bin/firefox" "--marionette" "--remote-debugging-port" "47675" "-no-remote" "-profile" "/tmp/rust_mozprofileE4jFWY"
1650273471911	Marionette	INFO	Marionette enabled
console.warn: SearchSettings: "get: No settings file exists, new profile?" (new NotFoundError("Could not open the file at /tmp/rust_mozprofileE4jFWY/search.json.mozlz4", (void 0)))
DevTools listening on ws://localhost:47675/devtools/browser/b39cdf21-07fb-473f-9227-7703c4005242
1650273473465	Marionette	INFO	Listening on port 37793
Read port: 37793
1650273473572	RemoteAgent	WARN	TLS certificate errors will be ignored for this session
Exiting due to channel error.
Exiting due to channel error.
Exiting due to channel error.
1650350529496	geckodriver	INFO	Listening on 127.0.0.1:57805
1650350529985	mozrunner::runner	INFO	Running command: "/usr/bin/firefox" "--marionette" "--remote-debugging-port" "56449" "-no-remote" "-profile" "/tmp/rust_mozprofilehiCMCx"
1650350531468	Marionette	INFO	Marionette enabled
console.warn: SearchSettings: "get: No settings file exists, new profile?" (new NotFoundError("Could not open the file at /tmp/rust_mozprofilehiCMCx/search.json.mozlz4", (void 0)))
DevTools listening on ws://localhost:56449/devtools/browser/d743d713-7210-4554-9737-65c38cda5a32
1650350533198	Marionette	INFO	Listening on port 37407
Read port: 37407
1650350533308	RemoteAgent	WARN	TLS certificate errors will be ignored for this session
Exiting due to channel error.
Exiting due to channel error.
Exiting due to channel error.
1650451979188	geckodriver	INFO	Listening on 127.0.0.1:50307
1650451979610	mozrunner::runner	INFO	Running command: "/usr/bin/firefox" "--marionette" "--remote-debugging-port" "48493" "-no-remote" "-profile" "/tmp/rust_mozprofileO0igwy"
1650451981843	Marionette	INFO	Marionette enabled
console.warn: SearchSettings: "get: No settings file exists, new profile?" (new NotFoundError("Could not open the file at /tmp/rust_mozprofileO0igwy/search.json.mozlz4", (void 0)))
DevTools listening on ws://localhost:48493/devtools/browser/7ec9a9cd-cc85-4573-a462-bdf923186c39
1650451984542	Marionette	INFO	Listening on port 36261
Read port: 36261
1650451984647	RemoteAgent	WARN	TLS certificate errors will be ignored for this session
Exiting due to channel error.
Exiting due to channel error.
Exiting due to channel error.
1650522431689	geckodriver	INFO	Listening on 127.0.0.1:44627
1650522432186	mozrunner::runner	INFO	Running command: "/usr/bin/firefox" "--marionette" "--remote-debugging-port" "56211" "-no-remote" "-profile" "/tmp/rust_mozprofilebqBd4Q"
1650522433771	Marionette	INFO	Marionette enabled
console.warn: SearchSettings: "get: No settings file exists, new profile?" (new NotFoundError("Could not open the file at /tmp/rust_mozprofilebqBd4Q/search.json.mozlz4", (void 0)))
DevTools listening on ws://localhost:56211/devtools/browser/15edbc09-27fb-46a2-b761-4f8183c0d323
1650522438034	Marionette	INFO	Listening on port 41389
Read port: 41389
1650522438123	RemoteAgent	WARN	TLS certificate errors will be ignored for this session
1650522481418	Marionette	INFO	Stopped listening on port 41389
console.warn: TopSitesFeed: Failed to fetch data from Contile server: NetworkError when attempting to fetch resource.
1650522561537	geckodriver	INFO	Listening on 127.0.0.1:48785
1650522562051	mozrunner::runner	INFO	Running command: "/usr/bin/firefox" "--marionette" "--remote-debugging-port" "60609" "-no-remote" "-profile" "/tmp/rust_mozprofileeVYaCS"
1650522562858	Marionette	INFO	Marionette enabled
console.warn: SearchSettings: "get: No settings file exists, new profile?" (new NotFoundError("Could not open the file at /tmp/rust_mozprofileeVYaCS/search.json.mozlz4", (void 0)))
DevTools listening on ws://localhost:60609/devtools/browser/e1b70759-c24f-4a7a-b880-218078f6650e
1650522565799	Marionette	INFO	Listening on port 44373
Read port: 44373
1650522565873	RemoteAgent	WARN	TLS certificate errors will be ignored for this session
1650522653929	geckodriver	INFO	Listening on 127.0.0.1:46711
1650522654442	mozrunner::runner	INFO	Running command: "/usr/bin/firefox" "--marionette" "--remote-debugging-port" "55147" "-no-remote" "-profile" "/tmp/rust_mozprofileo1S1Nn"
1650522655248	Marionette	INFO	Marionette enabled
console.warn: SearchSettings: "get: No settings file exists, new profile?" (new NotFoundError("Could not open the file at /tmp/rust_mozprofileo1S1Nn/search.json.mozlz4", (void 0)))
DevTools listening on ws://localhost:55147/devtools/browser/b2aee2d6-690b-46cf-8940-470be3a3320a
1650522656957	Marionette	INFO	Listening on port 45607
Read port: 45607
1650522657059	RemoteAgent	WARN	TLS certificate errors will be ignored for this session
Exiting due to channel error.
Exiting due to channel error.
Exiting due to channel error.
1650525777151	geckodriver	INFO	Listening on 127.0.0.1:44037
1650525777664	mozrunner::runner	INFO	Running command: "/usr/bin/firefox" "--marionette" "--remote-debugging-port" "36847" "-no-remote" "-profile" "/tmp/rust_mozprofilecjRVBJ"
1650525778447	Marionette	INFO	Marionette enabled
console.warn: SearchSettings: "get: No settings file exists, new profile?" (new NotFoundError("Could not open the file at /tmp/rust_mozprofilecjRVBJ/search.json.mozlz4", (void 0)))
DevTools listening on ws://localhost:36847/devtools/browser/86df5ad0-d9ba-4141-95d8-79c6595af99f
1650525782620	Marionette	INFO	Listening on port 35819
Read port: 35819
1650525782688	RemoteAgent	WARN	TLS certificate errors will be ignored for this session
Exiting due to channel error.
Exiting due to channel error.
Exiting due to channel error.
1650547281141	Marionette	INFO	Stopped listening on port 44373
console.warn: TopSitesFeed: Failed to fetch data from Contile server: NetworkError when attempting to fetch resource.
1650637963617	geckodriver	INFO	Listening on 127.0.0.1:42121
1650637964117	mozrunner::runner	INFO	Running command: "/usr/bin/firefox" "--marionette" "--remote-debugging-port" "41539" "-no-remote" "-profile" "/tmp/rust_mozprofile88H54E"
1650637965778	Marionette	INFO	Marionette enabled
console.warn: SearchSettings: "get: No settings file exists, new profile?" (new NotFoundError("Could not open the file at /tmp/rust_mozprofile88H54E/search.json.mozlz4", (void 0)))
DevTools listening on ws://localhost:41539/devtools/browser/741484a9-e8b8-443b-84d0-6e2f13c78fd1
1650637969724	Marionette	INFO	Listening on port 34943
Read port: 34943
1650637969752	RemoteAgent	WARN	TLS certificate errors will be ignored for this session
Exiting due to channel error.
Exiting due to channel error.
Exiting due to channel error.
1651050955740	geckodriver	INFO	Listening on 127.0.0.1:53619
1651050956238	mozrunner::runner	INFO	Running command: "/usr/bin/firefox" "--marionette" "--remote-debugging-port" "34801" "-no-remote" "-profile" "/tmp/rust_mozprofilebMPDzo"
1651050960139	Marionette	INFO	Marionette enabled
console.warn: SearchSettings: "get: No settings file exists, new profile?" (new NotFoundError("Could not open the file at /tmp/rust_mozprofilebMPDzo/search.json.mozlz4", (void 0)))
DevTools listening on ws://localhost:34801/devtools/browser/d06f52a0-5e0f-400e-b706-c9c04edfdceb
1651050961939	Marionette	INFO	Listening on port 39337
Read port: 39337
1651050961964	RemoteAgent	WARN	TLS certificate errors will be ignored for this session
1651052019961	geckodriver	INFO	Listening on 127.0.0.1:47259
1651052020475	mozrunner::runner	INFO	Running command: "/usr/bin/firefox" "--marionette" "--remote-debugging-port" "49035" "-no-remote" "-profile" "/tmp/rust_mozprofilemk7xz4"
1651052021317	Marionette	INFO	Marionette enabled
console.warn: SearchSettings: "get: No settings file exists, new profile?" (new NotFoundError("Could not open the file at /tmp/rust_mozprofilemk7xz4/search.json.mozlz4", (void 0)))
DevTools listening on ws://localhost:49035/devtools/browser/d3315913-c07c-4d68-ae57-56bffc0127b5
1651052024840	Marionette	INFO	Listening on port 36843
Read port: 36843
1651052024895	RemoteAgent	WARN	TLS certificate errors will be ignored for this session
1651052029163	Marionette	INFO	Stopped listening on port 39337
console.warn: TopSitesFeed: Failed to fetch data from Contile server: NetworkError when attempting to fetch resource.
Exiting due to channel error.
Exiting due to channel error.
Exiting due to channel error.
1651126478612	geckodriver	INFO	Listening on 127.0.0.1:50831
1651126479112	mozrunner::runner	INFO	Running command: "/usr/bin/firefox" "--marionette" "--remote-debugging-port" "54175" "-no-remote" "-profile" "/tmp/rust_mozprofilepNN0VZ"
1651126480773	Marionette	INFO	Marionette enabled
console.warn: SearchSettings: "get: No settings file exists, new profile?" (new NotFoundError("Could not open the file at /tmp/rust_mozprofilepNN0VZ/search.json.mozlz4", (void 0)))
DevTools listening on ws://localhost:54175/devtools/browser/e53ce71c-d559-4d75-bbea-d70fd40df05a
1651126482631	Marionette	INFO	Listening on port 46037
Read port: 46037
1651126482751	RemoteAgent	WARN	TLS certificate errors will be ignored for this session
Exiting due to channel error.
Exiting due to channel error.
Exiting due to channel error.
1651226799626	geckodriver	INFO	Listening on 127.0.0.1:52017
1651226800117	mozrunner::runner	INFO	Running command: "/usr/bin/firefox" "--marionette" "--remote-debugging-port" "58881" "-no-remote" "-profile" "/tmp/rust_mozprofileDJpW6O"
1651226801689	Marionette	INFO	Marionette enabled
console.warn: SearchSettings: "get: No settings file exists, new profile?" (new NotFoundError("Could not open the file at /tmp/rust_mozprofileDJpW6O/search.json.mozlz4", (void 0)))
DevTools listening on ws://localhost:58881/devtools/browser/70d53718-7e71-4f71-b462-a14ff92e0c73
1651226803462	Marionette	INFO	Listening on port 33001
Read port: 33001
1651226803555	RemoteAgent	WARN	TLS certificate errors will be ignored for this session
Exiting due to channel error.
Exiting due to channel error.
Exiting due to channel error.
1651299747805	geckodriver	INFO	Listening on 127.0.0.1:39129
1651299748300	mozrunner::runner	INFO	Running command: "/usr/bin/firefox" "--marionette" "--remote-debugging-port" "44547" "-no-remote" "-profile" "/tmp/rust_mozprofileupmIbP"
1651299749897	Marionette	INFO	Marionette enabled
console.warn: SearchSettings: "get: No settings file exists, new profile?" (new NotFoundError("Could not open the file at /tmp/rust_mozprofileupmIbP/search.json.mozlz4", (void 0)))
DevTools listening on ws://localhost:44547/devtools/browser/c1b777c4-6311-40e0-9ace-de67ffe710cc
1651299751644	Marionette	INFO	Listening on port 45901
Read port: 45901
1651299751732	RemoteAgent	WARN	TLS certificate errors will be ignored for this session
Exiting due to channel error.
Exiting due to channel error.
Exiting due to channel error.
1651382728284	geckodriver	INFO	Listening on 127.0.0.1:33791
1651382729894	mozrunner::runner	INFO	Running command: "/usr/bin/firefox" "--marionette" "--remote-debugging-port" "33739" "-no-remote" "-profile" "/tmp/rust_mozprofilemp4uWc"
1651382733095	Marionette	INFO	Marionette enabled
console.warn: SearchSettings: "get: No settings file exists, new profile?" (new NotFoundError("Could not open the file at /tmp/rust_mozprofilemp4uWc/search.json.mozlz4", (void 0)))
DevTools listening on ws://localhost:33739/devtools/browser/1574a467-f2c7-4687-815e-d91ad77bf634
1651382735370	Marionette	INFO	Listening on port 35827
Read port: 35827
1651382735431	RemoteAgent	WARN	TLS certificate errors will be ignored for this session
Exiting due to channel error.
Exiting due to channel error.
Exiting due to channel error.
1651476741348	geckodriver	INFO	Listening on 127.0.0.1:52697
1651476741862	mozrunner::runner	INFO	Running command: "/usr/bin/firefox" "--marionette" "--remote-debugging-port" "52079" "-no-remote" "-profile" "/tmp/rust_mozprofileXtEgGZ"
1651476742669	Marionette	INFO	Marionette enabled
console.warn: SearchSettings: "get: No settings file exists, new profile?" (new NotFoundError("Could not open the file at /tmp/rust_mozprofileXtEgGZ/search.json.mozlz4", (void 0)))
DevTools listening on ws://localhost:52079/devtools/browser/3fba5883-d00d-42de-995a-dc0629e2610c
1651476743939	Marionette	INFO	Listening on port 44071
Read port: 44071
1651476743986	RemoteAgent	WARN	TLS certificate errors will be ignored for this session
Exiting due to channel error.
Exiting due to channel error.
Exiting due to channel error.
1651554273424	geckodriver	INFO	Listening on 127.0.0.1:37297
1651554273926	mozrunner::runner	INFO	Running command: "/usr/bin/firefox" "--marionette" "--remote-debugging-port" "40223" "-no-remote" "-profile" "/tmp/rust_mozprofileinrVQg"
1651554275314	Marionette	INFO	Marionette enabled
console.warn: SearchSettings: "get: No settings file exists, new profile?" (new NotFoundError("Could not open the file at /tmp/rust_mozprofileinrVQg/search.json.mozlz4", (void 0)))
DevTools listening on ws://localhost:40223/devtools/browser/8b19a378-ce73-4d51-b58e-11c0e164d0e9
1651554279676	Marionette	INFO	Listening on port 36559
Read port: 36559
1651554279768	RemoteAgent	WARN	TLS certificate errors will be ignored for this session
Exiting due to channel error.
Exiting due to channel error.
Exiting due to channel error.
1651644966507	geckodriver	INFO	Listening on 127.0.0.1:55585
1651644967004	mozrunner::runner	INFO	Running command: "/usr/bin/firefox" "--marionette" "--remote-debugging-port" "33315" "-no-remote" "-profile" "/tmp/rust_mozprofileZcVCW1"
1651644968274	Marionette	INFO	Marionette enabled
console.warn: SearchSettings: "get: No settings file exists, new profile?" (new NotFoundError("Could not open the file at /tmp/rust_mozprofileZcVCW1/search.json.mozlz4", (void 0)))
DevTools listening on ws://localhost:33315/devtools/browser/cfe7c4fb-e029-4ac6-abb4-f8e0c6b0b131
1651644969794	Marionette	INFO	Listening on port 39731
Read port: 39731
1651644969860	RemoteAgent	WARN	TLS certificate errors will be ignored for this session
Exiting due to channel error.
Exiting due to channel error.
Exiting due to channel error.
1651733607306	geckodriver	INFO	Listening on 127.0.0.1:52901
1651733607807	mozrunner::runner	INFO	Running command: "/usr/bin/firefox" "--marionette" "--remote-debugging-port" "52901" "-no-remote" "-profile" "/tmp/rust_mozprofileBcivSv"
1651733608876	Marionette	INFO	Marionette enabled
console.warn: SearchSettings: "get: No settings file exists, new profile?" (new NotFoundError("Could not open the file at /tmp/rust_mozprofileBcivSv/search.json.mozlz4", (void 0)))

!!! could not start server on port 52901: [Exception... "Component returned failure code: 0x804b0036 (NS_ERROR_SOCKET_ADDRESS_IN_USE) [nsIServerSocket.init]"  nsresult: "0x804b0036 (NS_ERROR_SOCKET_ADDRESS_IN_USE)"  location: "JS frame :: chrome://remote/content/server/HTTPD.jsm :: _start :: line 579"  data: no]

1651733613079	RemoteAgent	ERROR	unable to stop listener: [Exception... "Unexpected error"  nsresult: "0x8000ffff (NS_ERROR_UNEXPECTED)"  location: "JS frame :: chrome://remote/content/server/HTTPD.jsm :: stop :: line 633"  data: no] Stack trace: stop()@HTTPD.jsm:633
close()@RemoteAgent.jsm:166
1651733613082	RemoteAgent	ERROR	Unable to start remote agent: : [Exception... "Component is not available"  nsresult: "0x80040111 (NS_ERROR_NOT_AVAILABLE)"  location: "JS frame :: chrome://remote/content/server/HTTPD.jsm :: _start :: line 624"  data: no] Stack trace: _start()@HTTPD.jsm:624
listen()@RemoteAgent.jsm:143
observe()@RemoteAgent.jsm:261
_scheduleStartupIdleTasks/task/<()@resource:///modules/BrowserGlue.jsm:2794
1651733613128	Marionette	INFO	Listening on port 43049
Read port: 43049
1651733613255	RemoteAgent	WARN	TLS certificate errors will be ignored for this session
Exiting due to channel error.
Exiting due to channel error.
Exiting due to channel error.
1651807912137	geckodriver	INFO	Listening on 127.0.0.1:53269
1651807912622	mozrunner::runner	INFO	Running command: "/usr/bin/firefox" "--marionette" "--remote-debugging-port" "50057" "-no-remote" "-profile" "/tmp/rust_mozprofilew9CLEE"
1651807913635	Marionette	INFO	Marionette enabled
console.warn: SearchSettings: "get: No settings file exists, new profile?" (new NotFoundError("Could not open the file at /tmp/rust_mozprofilew9CLEE/search.json.mozlz4", (void 0)))
DevTools listening on ws://localhost:50057/devtools/browser/93505d8c-7fea-4017-a5e7-5fff8b5ff66d
1651807915017	Marionette	INFO	Listening on port 43715
Read port: 43715
1651807915055	RemoteAgent	WARN	TLS certificate errors will be ignored for this session
Exiting due to channel error.
Exiting due to channel error.
Exiting due to channel error.
1651896088726	geckodriver	INFO	Listening on 127.0.0.1:34051
1651896089226	mozrunner::runner	INFO	Running command: "/usr/bin/firefox" "--marionette" "--remote-debugging-port" "43853" "-no-remote" "-profile" "/tmp/rust_mozprofileVbwJu2"
1651896090274	Marionette	INFO	Marionette enabled
console.warn: SearchSettings: "get: No settings file exists, new profile?" (new NotFoundError("Could not open the file at /tmp/rust_mozprofileVbwJu2/search.json.mozlz4", (void 0)))
DevTools listening on ws://localhost:43853/devtools/browser/97fbb9af-ebf6-40db-9a69-3b8442dd90e1
1651896093255	Marionette	INFO	Listening on port 34079
Read port: 34079
1651896093404	RemoteAgent	WARN	TLS certificate errors will be ignored for this session
